<?xml version="1.0" encoding="UTF-8"?>
<!-- Generated by org.testng.reporters.JUnitReportReporter -->
<testsuite skipped="1" hostname="Chinmaya-84-7B-EB-31-2E-9C" name="com.infiniviewAutomation.database.tests.KpidbTest" tests="1" failures="0" timestamp="28 Apr 2017 09:56:59 GMT" time="0.016" errors="0">
  <testcase name="testVerifyKPIstatus" time="0.016" classname="com.infiniviewAutomation.database.tests.KpidbTest">
    <skipped/>
  </testcase> <!-- testVerifyKPIstatus -->
</testsuite> <!-- com.infiniviewAutomation.database.tests.KpidbTest -->
